[2024-06-15 20:20:23,954][flwr][INFO] - Starting Flower simulation, config: ServerConfig(num_rounds=1, round_timeout=None)
[2024-06-15 20:20:27,109][flwr][INFO] - Flower VCE: Ray initialized with resources: {'memory': 9983957402.0, 'node:127.0.0.1': 1.0, 'CPU': 8.0, 'object_store_memory': 2147483648.0, 'node:__internal_head__': 1.0}
[2024-06-15 20:20:27,109][flwr][INFO] - Initializing global parameters
[2024-06-15 20:20:27,110][flwr][INFO] - Requesting initial parameters from one random client
[2024-06-15 20:20:28,601][flwr][INFO] - Received initial parameters from one random client
[2024-06-15 20:20:28,601][flwr][INFO] - Evaluating initial parameters
[2024-06-15 20:20:29,495][flwr][INFO] - initial parameters (loss, other metrics): 182.19340324401855, {'accuarcy': 0.101}
[2024-06-15 20:20:29,495][flwr][INFO] - FL starting
[2024-06-15 20:20:29,495][flwr][DEBUG] - fit_round 1: strategy sampled 10 clients (out of 100)
[2024-06-15 20:20:45,671][flwr][DEBUG] - fit_round 1 received 10 results and 0 failures
[2024-06-15 20:20:45,678][flwr][WARNING] - No fit_metrics_aggregation_fn provided
[2024-06-15 20:20:46,569][flwr][INFO] - fit progress: (1, 179.91245341300964, {'accuarcy': 0.1806}, 17.073960417)
[2024-06-15 20:20:46,569][flwr][DEBUG] - evaluate_round 1: strategy sampled 25 clients (out of 100)
[2024-06-15 20:21:17,570][flwr][DEBUG] - evaluate_round 1 received 25 results and 0 failures
[2024-06-15 20:21:17,570][flwr][WARNING] - No evaluate_metrics_aggregation_fn provided
[2024-06-15 20:21:17,571][flwr][INFO] - FL finished in 48.076113708
[2024-06-15 20:21:17,572][flwr][INFO] - app_fit: losses_distributed [(1, 6.831000308990479)]
[2024-06-15 20:21:17,572][flwr][INFO] - app_fit: metrics_distributed_fit {}
[2024-06-15 20:21:17,572][flwr][INFO] - app_fit: metrics_distributed {}
[2024-06-15 20:21:17,572][flwr][INFO] - app_fit: losses_centralized [(0, 182.19340324401855), (1, 179.91245341300964)]
[2024-06-15 20:21:17,572][flwr][INFO] - app_fit: metrics_centralized {'accuarcy': [(0, 0.101), (1, 0.1806)]}
